{"numTotalTestSuites":5,"numPassedTestSuites":5,"numFailedTestSuites":0,"numPendingTestSuites":0,"numTotalTests":15,"numPassedTests":15,"numFailedTests":0,"numPendingTests":0,"numTodoTests":0,"snapshot":{"added":0,"failure":false,"filesAdded":0,"filesRemoved":0,"filesRemovedList":[],"filesUnmatched":0,"filesUpdated":0,"matched":0,"total":0,"unchecked":0,"uncheckedKeysByFile":[],"unmatched":0,"updated":0,"didUpdate":false},"startTime":1771632592525,"success":true,"testResults":[{"assertionResults":[{"ancestorTitles":["computeGridSpacing"],"fullName":"computeGridSpacing returns base spacing of 100 at scale 1","status":"passed","title":"returns base spacing of 100 at scale 1","duration":0.3665839999999889,"failureMessages":[],"meta":{}},{"ancestorTitles":["computeGridSpacing"],"fullName":"computeGridSpacing subdivides to 50 when zoomed in past 1.5x","status":"passed","title":"subdivides to 50 when zoomed in past 1.5x","duration":0.050833999999952084,"failureMessages":[],"meta":{}},{"ancestorTitles":["computeGridSpacing"],"fullName":"computeGridSpacing subdivides to 25 when zoomed in past 3x","status":"passed","title":"subdivides to 25 when zoomed in past 3x","duration":0.039542000000039934,"failureMessages":[],"meta":{}},{"ancestorTitles":["computeGridSpacing"],"fullName":"computeGridSpacing merges to 200 when zoomed out past 0.6x","status":"passed","title":"merges to 200 when zoomed out past 0.6x","duration":0.048292000000003554,"failureMessages":[],"meta":{}},{"ancestorTitles":["computeGridSpacing"],"fullName":"computeGridSpacing merges to 400 when zoomed out past 0.3x","status":"passed","title":"merges to 400 when zoomed out past 0.3x","duration":0.044582999999988715,"failureMessages":[],"meta":{}},{"ancestorTitles":["computeVisibleGridLines"],"fullName":"computeVisibleGridLines returns x and y axis line arrays","status":"passed","title":"returns x and y axis line arrays","duration":0.0821669999999699,"failureMessages":[],"meta":{}},{"ancestorTitles":["computeVisibleGridLines"],"fullName":"computeVisibleGridLines only includes grid lines within the viewport world bounds","status":"passed","title":"only includes grid lines within the viewport world bounds","duration":0.40424999999999045,"failureMessages":[],"meta":{}},{"ancestorTitles":["computeVisibleGridLines"],"fullName":"computeVisibleGridLines accounts for stage pan offset","status":"passed","title":"accounts for stage pan offset","duration":0.11487500000004047,"failureMessages":[],"meta":{}},{"ancestorTitles":["computeVisibleGridLines"],"fullName":"computeVisibleGridLines accounts for zoom scale","status":"passed","title":"accounts for zoom scale","duration":0.094208999999978,"failureMessages":[],"meta":{}},{"ancestorTitles":["computeVisibleGridLines"],"fullName":"computeVisibleGridLines includes origin (0,0) in a default viewport","status":"passed","title":"includes origin (0,0) in a default viewport","duration":0.2862920000000031,"failureMessages":[],"meta":{}},{"ancestorTitles":["formatCoordLabel"],"fullName":"formatCoordLabel formats positive coordinates","status":"passed","title":"formats positive coordinates","duration":0.03312500000004093,"failureMessages":[],"meta":{}},{"ancestorTitles":["formatCoordLabel"],"fullName":"formatCoordLabel formats negative coordinates","status":"passed","title":"formats negative coordinates","duration":0.023875000000032287,"failureMessages":[],"meta":{}},{"ancestorTitles":["formatCoordLabel"],"fullName":"formatCoordLabel formats origin","status":"passed","title":"formats origin","duration":0.022166000000026997,"failureMessages":[],"meta":{}},{"ancestorTitles":["constants"],"fullName":"constants exports color constants as strings","status":"passed","title":"exports color constants as strings","duration":0.04250000000001819,"failureMessages":[],"meta":{}},{"ancestorTitles":["constants"],"fullName":"constants exports CROSSHAIR_SIZE as a positive number","status":"passed","title":"exports CROSSHAIR_SIZE as a positive number","duration":0.03879100000000335,"failureMessages":[],"meta":{}}],"startTime":1771632592972,"endTime":1771632592974.2864,"status":"passed","message":"","name":"/Users/shreelakshmigopinatharao/Desktop/Collab_Board_Project/src/canvas/AdaptiveRadarGrid.test.tsx"}]}