{"numTotalTestSuites":40,"numPassedTestSuites":40,"numFailedTestSuites":0,"numPendingTestSuites":0,"numTotalTests":143,"numPassedTests":143,"numFailedTests":0,"numPendingTests":0,"numTodoTests":0,"snapshot":{"added":0,"failure":false,"filesAdded":0,"filesRemoved":0,"filesRemovedList":[],"filesUnmatched":0,"filesUpdated":0,"matched":0,"total":0,"unchecked":0,"uncheckedKeysByFile":[],"unmatched":0,"updated":0,"didUpdate":false},"startTime":1771792542940,"success":true,"testResults":[{"assertionResults":[{"ancestorTitles":["BoardsListPage"],"fullName":"BoardsListPage shows loading then two sections: My Boards and Shared with you","status":"passed","title":"shows loading then two sections: My Boards and Shared with you","duration":140.1925,"failureMessages":[],"meta":{}},{"ancestorTitles":["BoardsListPage"],"fullName":"BoardsListPage splits boards into My Boards (owned) and Shared with you (not owned)","status":"passed","title":"splits boards into My Boards (owned) and Shared with you (not owned)","duration":3.382583000000068,"failureMessages":[],"meta":{}},{"ancestorTitles":["BoardsListPage"],"fullName":"BoardsListPage shows empty state when no my boards","status":"passed","title":"shows empty state when no my boards","duration":2.2714999999998327,"failureMessages":[],"meta":{}},{"ancestorTitles":["BoardsListPage"],"fullName":"BoardsListPage shows empty state when no shared boards","status":"passed","title":"shows empty state when no shared boards","duration":7.210500000000138,"failureMessages":[],"meta":{}},{"ancestorTitles":["BoardsListPage"],"fullName":"BoardsListPage My Boards list has checkboxes; Rename disabled until one selected, Delete disabled until one or more selected","status":"passed","title":"My Boards list has checkboxes; Rename disabled until one selected, Delete disabled until one or more selected","duration":49.50541599999997,"failureMessages":[],"meta":{}},{"ancestorTitles":["BoardsListPage"],"fullName":"BoardsListPage clicking board name navigates to board","status":"passed","title":"clicking board name navigates to board","duration":34.91274999999996,"failureMessages":[],"meta":{}},{"ancestorTitles":["BoardsListPage"],"fullName":"BoardsListPage Delete opens confirmation dialog","status":"passed","title":"Delete opens confirmation dialog","duration":53.90283299999987,"failureMessages":[],"meta":{}},{"ancestorTitles":["BoardsListPage"],"fullName":"BoardsListPage Rename opens modal when exactly one board selected","status":"passed","title":"Rename opens modal when exactly one board selected","duration":52.347332999999935,"failureMessages":[],"meta":{}}],"startTime":1771792543955,"endTime":1771792544298.3474,"status":"passed","message":"","name":"/Users/shreelakshmigopinatharao/Desktop/Collab_Board_Project/src/board/BoardsListPage.test.tsx"},{"assertionResults":[{"ancestorTitles":["ShareModal"],"fullName":"ShareModal renders nothing when not open","status":"passed","title":"renders nothing when not open","duration":7.754750000000058,"failureMessages":[],"meta":{}},{"ancestorTitles":["ShareModal"],"fullName":"ShareModal shows dialog with title and People with access when open","status":"passed","title":"shows dialog with title and People with access when open","duration":90.80387500000006,"failureMessages":[],"meta":{}},{"ancestorTitles":["ShareModal"],"fullName":"ShareModal shows Add by email and Invite when owner","status":"passed","title":"shows Add by email and Invite when owner","duration":27.427875000000085,"failureMessages":[],"meta":{}},{"ancestorTitles":["ShareModal"],"fullName":"ShareModal does not show Add by email or Invite when not owner","status":"passed","title":"does not show Add by email or Invite when not owner","duration":10.692000000000007,"failureMessages":[],"meta":{}},{"ancestorTitles":["ShareModal"],"fullName":"ShareModal does not show Copy link or Link section","status":"passed","title":"does not show Copy link or Link section","duration":21.690624999999955,"failureMessages":[],"meta":{}}],"startTime":1771792543868,"endTime":1771792544026.6907,"status":"passed","message":"","name":"/Users/shreelakshmigopinatharao/Desktop/Collab_Board_Project/src/board/ShareModal.test.tsx"},{"assertionResults":[{"ancestorTitles":["Toolbar"],"fullName":"Toolbar renders View only when isViewOnly is true","status":"passed","title":"renders View only when isViewOnly is true","duration":15.391124999999988,"failureMessages":[],"meta":{}},{"ancestorTitles":["Toolbar"],"fullName":"Toolbar renders full toolbar when isViewOnly is false","status":"passed","title":"renders full toolbar when isViewOnly is false","duration":115.84270800000002,"failureMessages":[],"meta":{}}],"startTime":1771792543818,"endTime":1771792543948.8428,"status":"passed","message":"","name":"/Users/shreelakshmigopinatharao/Desktop/Collab_Board_Project/src/board/Toolbar.test.tsx"},{"assertionResults":[{"ancestorTitles":["placementUtils","doesRectOverlapAny"],"fullName":"placementUtils doesRectOverlapAny returns false when no objects","status":"passed","title":"returns false when no objects","duration":0.9389579999999569,"failureMessages":[],"meta":{}},{"ancestorTitles":["placementUtils","doesRectOverlapAny"],"fullName":"placementUtils doesRectOverlapAny returns true when candidate overlaps one object","status":"passed","title":"returns true when candidate overlaps one object","duration":0.11570800000004056,"failureMessages":[],"meta":{}},{"ancestorTitles":["placementUtils","doesRectOverlapAny"],"fullName":"placementUtils doesRectOverlapAny returns false when candidate does not overlap","status":"passed","title":"returns false when candidate does not overlap","duration":0.05633299999999508,"failureMessages":[],"meta":{}},{"ancestorTitles":["placementUtils","doesRectOverlapAny"],"fullName":"placementUtils doesRectOverlapAny ignores objects with zero width or height","status":"passed","title":"ignores objects with zero width or height","duration":0.060291000000006534,"failureMessages":[],"meta":{}},{"ancestorTitles":["placementUtils","isCenterInsideAny"],"fullName":"placementUtils isCenterInsideAny returns false when no objects","status":"passed","title":"returns false when no objects","duration":0.07341700000006313,"failureMessages":[],"meta":{}},{"ancestorTitles":["placementUtils","isCenterInsideAny"],"fullName":"placementUtils isCenterInsideAny returns true when center is inside an object","status":"passed","title":"returns true when center is inside an object","duration":0.043375000000082764,"failureMessages":[],"meta":{}},{"ancestorTitles":["placementUtils","isCenterInsideAny"],"fullName":"placementUtils isCenterInsideAny returns false when center is outside","status":"passed","title":"returns false when center is outside","duration":0.038415999999983796,"failureMessages":[],"meta":{}},{"ancestorTitles":["placementUtils","isCenterInsideAny"],"fullName":"placementUtils isCenterInsideAny ignores zero-area objects","status":"passed","title":"ignores zero-area objects","duration":0.04591600000003382,"failureMessages":[],"meta":{}},{"ancestorTitles":["placementUtils","findEmptyPositionInViewport"],"fullName":"placementUtils findEmptyPositionInViewport returns position when viewport is empty (viewport center first)","status":"passed","title":"returns position when viewport is empty (viewport center first)","duration":0.3328749999999445,"failureMessages":[],"meta":{}},{"ancestorTitles":["placementUtils","findEmptyPositionInViewport"],"fullName":"placementUtils findEmptyPositionInViewport returns first empty cell when one object exists","status":"passed","title":"returns first empty cell when one object exists","duration":0.17441700000006222,"failureMessages":[],"meta":{}},{"ancestorTitles":["placementUtils","findEmptyPositionInViewport"],"fullName":"placementUtils findEmptyPositionInViewport returns null when viewport is full","status":"passed","title":"returns null when viewport is full","duration":1.2468329999999241,"failureMessages":[],"meta":{}},{"ancestorTitles":["placementUtils","findEmptyPositionOutsideCluster"],"fullName":"placementUtils findEmptyPositionOutsideCluster returns position to the right of cluster","status":"passed","title":"returns position to the right of cluster","duration":0.26558399999998983,"failureMessages":[],"meta":{}},{"ancestorTitles":["placementUtils","findEmptyPositionOutsideCluster"],"fullName":"placementUtils findEmptyPositionOutsideCluster returns position when no objects","status":"passed","title":"returns position when no objects","duration":0.12424999999996089,"failureMessages":[],"meta":{}}],"startTime":1771792543772,"endTime":1771792543776.1243,"status":"passed","message":"","name":"/Users/shreelakshmigopinatharao/Desktop/Collab_Board_Project/src/canvas/placementUtils.test.ts"},{"assertionResults":[{"ancestorTitles":["getObjectIdsInSelectionRect"],"fullName":"getObjectIdsInSelectionRect returns ids of objects whose bounds intersect the selection rect","status":"passed","title":"returns ids of objects whose bounds intersect the selection rect","duration":1.1859999999999786,"failureMessages":[],"meta":{}},{"ancestorTitles":["getObjectIdsInSelectionRect"],"fullName":"getObjectIdsInSelectionRect handles selection rect with negative width/height (drag left or up)","status":"passed","title":"handles selection rect with negative width/height (drag left or up)","duration":0.12774999999999181,"failureMessages":[],"meta":{}},{"ancestorTitles":["getObjectIdsInSelectionRect"],"fullName":"getObjectIdsInSelectionRect excludes objects with zero width or height (e.g. connectors)","status":"passed","title":"excludes objects with zero width or height (e.g. connectors)","duration":0.1252499999999941,"failureMessages":[],"meta":{}},{"ancestorTitles":["getObjectIdsInSelectionRect"],"fullName":"getObjectIdsInSelectionRect returns empty array when no objects intersect","status":"passed","title":"returns empty array when no objects intersect","duration":0.07183400000002393,"failureMessages":[],"meta":{}},{"ancestorTitles":["getObjectIdsInSelectionRect"],"fullName":"getObjectIdsInSelectionRect returns empty array for empty objects","status":"passed","title":"returns empty array for empty objects","duration":0.08062499999999773,"failureMessages":[],"meta":{}},{"ancestorTitles":["applyMarqueeToSelection"],"fullName":"applyMarqueeToSelection replaces selection when not shiftKey","status":"passed","title":"replaces selection when not shiftKey","duration":0.26045799999997143,"failureMessages":[],"meta":{}},{"ancestorTitles":["applyMarqueeToSelection"],"fullName":"applyMarqueeToSelection adds marquee ids to current selection when shiftKey","status":"passed","title":"adds marquee ids to current selection when shiftKey","duration":0.11841599999996788,"failureMessages":[],"meta":{}},{"ancestorTitles":["applyMarqueeToSelection"],"fullName":"applyMarqueeToSelection deduplicates when shiftKey and marquee overlaps current","status":"passed","title":"deduplicates when shiftKey and marquee overlaps current","duration":0.15850000000000364,"failureMessages":[],"meta":{}}],"startTime":1771792544200,"endTime":1771792544202.2605,"status":"passed","message":"","name":"/Users/shreelakshmigopinatharao/Desktop/Collab_Board_Project/src/canvas/selectionRect.test.ts"},{"assertionResults":[{"ancestorTitles":["cursorColorFromUid"],"fullName":"cursorColorFromUid returns a valid hex colour string","status":"passed","title":"returns a valid hex colour string","duration":0.39850000000001273,"failureMessages":[],"meta":{}},{"ancestorTitles":["cursorColorFromUid"],"fullName":"cursorColorFromUid is deterministic — same uid always returns same colour","status":"passed","title":"is deterministic — same uid always returns same colour","duration":0.09408400000000938,"failureMessages":[],"meta":{}},{"ancestorTitles":["cursorColorFromUid"],"fullName":"cursorColorFromUid returns different colours for different uids","status":"passed","title":"returns different colours for different uids","duration":0.07608399999998028,"failureMessages":[],"meta":{}},{"ancestorTitles":["cursorColorFromUid"],"fullName":"cursorColorFromUid handles an empty string without throwing","status":"passed","title":"handles an empty string without throwing","duration":0.38320899999996527,"failureMessages":[],"meta":{}},{"ancestorTitles":["cursorColorFromUid"],"fullName":"cursorColorFromUid handles a very long uid without throwing","status":"passed","title":"handles a very long uid without throwing","duration":0.3343749999999659,"failureMessages":[],"meta":{}}],"startTime":1771792544220,"endTime":1771792544221.3833,"status":"passed","message":"","name":"/Users/shreelakshmigopinatharao/Desktop/Collab_Board_Project/src/supabase/cursors.test.ts"},{"assertionResults":[{"ancestorTitles":["deleteAllObjects"],"fullName":"deleteAllObjects throws when caller is not the board owner","status":"passed","title":"throws when caller is not the board owner","duration":4.671917000000008,"failureMessages":[],"meta":{}},{"ancestorTitles":["deleteAllObjects"],"fullName":"deleteAllObjects throws when board is not found","status":"passed","title":"throws when board is not found","duration":0.43537500000002183,"failureMessages":[],"meta":{}},{"ancestorTitles":["deleteAllObjects"],"fullName":"deleteAllObjects deletes when caller is the board owner","status":"passed","title":"deletes when caller is the board owner","duration":1.1577089999999544,"failureMessages":[],"meta":{}}],"startTime":1771792543786,"endTime":1771792543792.1577,"status":"passed","message":"","name":"/Users/shreelakshmigopinatharao/Desktop/Collab_Board_Project/src/supabase/objects.test.ts"},{"assertionResults":[{"ancestorTitles":["upsertPresence"],"fullName":"upsertPresence calls from() with the presence table","status":"passed","title":"calls from() with the presence table","duration":2.1815410000000384,"failureMessages":[],"meta":{}},{"ancestorTitles":["upsertPresence"],"fullName":"upsertPresence upserts with correct user_id and display_name","status":"passed","title":"upserts with correct user_id and display_name","duration":1.8907080000000178,"failureMessages":[],"meta":{}},{"ancestorTitles":["upsertPresence"],"fullName":"upsertPresence includes last_seen_at timestamp in the upsert payload","status":"passed","title":"includes last_seen_at timestamp in the upsert payload","duration":0.6352079999999205,"failureMessages":[],"meta":{}},{"ancestorTitles":["upsertPresence"],"fullName":"upsertPresence accepts null displayName","status":"passed","title":"accepts null displayName","duration":0.507082999999966,"failureMessages":[],"meta":{}},{"ancestorTitles":["removePresence"],"fullName":"removePresence calls from() with the presence table","status":"passed","title":"calls from() with the presence table","duration":0.3861249999999927,"failureMessages":[],"meta":{}},{"ancestorTitles":["removePresence"],"fullName":"removePresence filters by the correct user_id","status":"passed","title":"filters by the correct user_id","duration":0.1618750000000091,"failureMessages":[],"meta":{}}],"startTime":1771792543783,"endTime":1771792543789.3862,"status":"passed","message":"","name":"/Users/shreelakshmigopinatharao/Desktop/Collab_Board_Project/src/supabase/presence.test.ts"},{"assertionResults":[{"ancestorTitles":["getAiCommandPolicy (client)"],"fullName":"getAiCommandPolicy (client) treats sticky creation as simple with forced tool","status":"passed","title":"treats sticky creation as simple with forced tool","duration":0.8970420000000559,"failureMessages":[],"meta":{}},{"ancestorTitles":["getAiCommandPolicy (client)"],"fullName":"getAiCommandPolicy (client) treats circle creation as simple with createShape forced","status":"passed","title":"treats circle creation as simple with createShape forced","duration":0.34179100000005747,"failureMessages":[],"meta":{}},{"ancestorTitles":["getAiCommandPolicy (client)"],"fullName":"getAiCommandPolicy (client) treats frame creation as simple with createFrame forced","status":"passed","title":"treats frame creation as simple with createFrame forced","duration":0.07266700000002402,"failureMessages":[],"meta":{}},{"ancestorTitles":["getAiCommandPolicy (client)"],"fullName":"getAiCommandPolicy (client) treats text creation as simple with createText forced","status":"passed","title":"treats text creation as simple with createText forced","duration":0.07045900000002803,"failureMessages":[],"meta":{}},{"ancestorTitles":["getAiCommandPolicy (client)"],"fullName":"getAiCommandPolicy (client) treats SWOT as compound with createQuadrant","status":"passed","title":"treats SWOT as compound with createQuadrant","duration":0.07229199999994762,"failureMessages":[],"meta":{}},{"ancestorTitles":["getAiCommandPolicy (client)"],"fullName":"getAiCommandPolicy (client) treats quadrant as compound","status":"passed","title":"treats quadrant as compound","duration":0.04408300000000054,"failureMessages":[],"meta":{}},{"ancestorTitles":["getAiCommandPolicy (client)"],"fullName":"getAiCommandPolicy (client) treats retro board as compound with createColumnLayout","status":"passed","title":"treats retro board as compound with createColumnLayout","duration":0.05766700000003766,"failureMessages":[],"meta":{}},{"ancestorTitles":["getAiCommandPolicy (client)"],"fullName":"getAiCommandPolicy (client) treats kanban as compound with createColumnLayout","status":"passed","title":"treats kanban as compound with createColumnLayout","duration":0.054040999999983796,"failureMessages":[],"meta":{}},{"ancestorTitles":["getAiCommandPolicy (client)"],"fullName":"getAiCommandPolicy (client) treats journey map as compound with createColumnLayout","status":"passed","title":"treats journey map as compound with createColumnLayout","duration":0.05308399999989888,"failureMessages":[],"meta":{}},{"ancestorTitles":["getAiCommandPolicy (client)"],"fullName":"getAiCommandPolicy (client) treats clear board as compound with clearBoard","status":"passed","title":"treats clear board as compound with clearBoard","duration":0.061166999999954896,"failureMessages":[],"meta":{}},{"ancestorTitles":["getAiCommandPolicy (client)"],"fullName":"getAiCommandPolicy (client) treats wipe everything as compound clearBoard","status":"passed","title":"treats wipe everything as compound clearBoard","duration":0.03437500000006821,"failureMessages":[],"meta":{}},{"ancestorTitles":["getAiCommandPolicy (client)"],"fullName":"getAiCommandPolicy (client) treats move as complex with getBoardState (no longer simple)","status":"passed","title":"treats move as complex with getBoardState (no longer simple)","duration":0.17062499999997272,"failureMessages":[],"meta":{}},{"ancestorTitles":["getAiCommandPolicy (client)"],"fullName":"getAiCommandPolicy (client) treats change color as complex","status":"passed","title":"treats change color as complex","duration":0.11262500000009368,"failureMessages":[],"meta":{}},{"ancestorTitles":["getAiCommandPolicy (client)"],"fullName":"getAiCommandPolicy (client) treats delete specific as complex","status":"passed","title":"treats delete specific as complex","duration":0.04370800000003783,"failureMessages":[],"meta":{}},{"ancestorTitles":["getAiCommandPolicy (client)"],"fullName":"getAiCommandPolicy (client) treats resize as complex","status":"passed","title":"treats resize as complex","duration":0.08341700000005403,"failureMessages":[],"meta":{}},{"ancestorTitles":["getAiCommandPolicy (client)"],"fullName":"getAiCommandPolicy (client) treats multi-step prompts as complex","status":"passed","title":"treats multi-step prompts as complex","duration":0.2785000000000082,"failureMessages":[],"meta":{}},{"ancestorTitles":["getAiCommandPolicy (client)"],"fullName":"getAiCommandPolicy (client) treats arrange as complex multi-turn","status":"passed","title":"treats arrange as complex multi-turn","duration":0.08591599999999744,"failureMessages":[],"meta":{}},{"ancestorTitles":["getAiCommandPolicy (client)"],"fullName":"getAiCommandPolicy (client) treats \"create 50 sticky notes\" as compound with createBulkObjects","status":"passed","title":"treats \"create 50 sticky notes\" as compound with createBulkObjects","duration":0.28274999999996453,"failureMessages":[],"meta":{}},{"ancestorTitles":["getAiCommandPolicy (client)"],"fullName":"getAiCommandPolicy (client) treats \"add 20 rectangles\" as compound bulk","status":"passed","title":"treats \"add 20 rectangles\" as compound bulk","duration":0.2890420000001086,"failureMessages":[],"meta":{}},{"ancestorTitles":["getAiCommandPolicy (client)"],"fullName":"getAiCommandPolicy (client) treats \"create a dozen frames\" as compound bulk","status":"passed","title":"treats \"create a dozen frames\" as compound bulk","duration":0.16566599999998743,"failureMessages":[],"meta":{}},{"ancestorTitles":["getAiCommandPolicy (client)"],"fullName":"getAiCommandPolicy (client) treats \"make several circles\" as compound bulk","status":"passed","title":"treats \"make several circles\" as compound bulk","duration":0.09820799999999963,"failureMessages":[],"meta":{}},{"ancestorTitles":["getAiCommandPolicy (client)"],"fullName":"getAiCommandPolicy (client) treats \"add 100 text labels\" as compound bulk","status":"passed","title":"treats \"add 100 text labels\" as compound bulk","duration":0.17579200000000128,"failureMessages":[],"meta":{}},{"ancestorTitles":["getAiCommandPolicy (client)"],"fullName":"getAiCommandPolicy (client) does NOT treat single-object creation as bulk","status":"passed","title":"does NOT treat single-object creation as bulk","duration":0.3421659999999065,"failureMessages":[],"meta":{}},{"ancestorTitles":["getAiCommandPolicy (client)"],"fullName":"getAiCommandPolicy (client) does NOT treat \"create 2 stickies\" as bulk (below threshold)","status":"passed","title":"does NOT treat \"create 2 stickies\" as bulk (below threshold)","duration":0.09016599999995378,"failureMessages":[],"meta":{}},{"ancestorTitles":["getAiCommandPolicy (client)"],"fullName":"getAiCommandPolicy (client) does NOT treat contextual creation as bulk — \"create a sticky next to the blue frame\"","status":"passed","title":"does NOT treat contextual creation as bulk — \"create a sticky next to the blue frame\"","duration":0.0342080000000351,"failureMessages":[],"meta":{}}],"startTime":1771792543741,"endTime":1771792543745.3423,"status":"passed","message":"","name":"/Users/shreelakshmigopinatharao/Desktop/Collab_Board_Project/src/ai/aiCommandPolicy.test.ts"},{"assertionResults":[{"ancestorTitles":["ai-command edge policy"],"fullName":"ai-command edge policy routes sticky creation to fast tier, 1 turn, forced tool","status":"passed","title":"routes sticky creation to fast tier, 1 turn, forced tool","duration":1.1828329999999596,"failureMessages":[],"meta":{}},{"ancestorTitles":["ai-command edge policy"],"fullName":"ai-command edge policy routes shape creation to fast tier with forced tool","status":"passed","title":"routes shape creation to fast tier with forced tool","duration":0.37945799999999963,"failureMessages":[],"meta":{}},{"ancestorTitles":["ai-command edge policy"],"fullName":"ai-command edge policy routes frame creation to fast tier with forced tool","status":"passed","title":"routes frame creation to fast tier with forced tool","duration":0.08720799999991868,"failureMessages":[],"meta":{}},{"ancestorTitles":["ai-command edge policy"],"fullName":"ai-command edge policy routes SWOT to compound: smart, 1 turn, createQuadrant forced, no getBoardState","status":"passed","title":"routes SWOT to compound: smart, 1 turn, createQuadrant forced, no getBoardState","duration":0.07645800000000236,"failureMessages":[],"meta":{}},{"ancestorTitles":["ai-command edge policy"],"fullName":"ai-command edge policy routes quadrant diagram to createQuadrant","status":"passed","title":"routes quadrant diagram to createQuadrant","duration":0.04433299999993778,"failureMessages":[],"meta":{}},{"ancestorTitles":["ai-command edge policy"],"fullName":"ai-command edge policy routes retrospective to compound: createColumnLayout","status":"passed","title":"routes retrospective to compound: createColumnLayout","duration":0.06208300000002964,"failureMessages":[],"meta":{}},{"ancestorTitles":["ai-command edge policy"],"fullName":"ai-command edge policy routes kanban to createColumnLayout","status":"passed","title":"routes kanban to createColumnLayout","duration":0.04299999999989268,"failureMessages":[],"meta":{}},{"ancestorTitles":["ai-command edge policy"],"fullName":"ai-command edge policy routes journey map to createColumnLayout","status":"passed","title":"routes journey map to createColumnLayout","duration":0.043416999999976724,"failureMessages":[],"meta":{}},{"ancestorTitles":["ai-command edge policy"],"fullName":"ai-command edge policy routes clear board to compound: clearBoard forced, 1 turn","status":"passed","title":"routes clear board to compound: clearBoard forced, 1 turn","duration":0.07854199999997036,"failureMessages":[],"meta":{}},{"ancestorTitles":["ai-command edge policy"],"fullName":"ai-command edge policy routes wipe to clearBoard","status":"passed","title":"routes wipe to clearBoard","duration":0.04729099999997288,"failureMessages":[],"meta":{}},{"ancestorTitles":["ai-command edge policy"],"fullName":"ai-command edge policy routes delete all to clearBoard","status":"passed","title":"routes delete all to clearBoard","duration":0.03008399999998801,"failureMessages":[],"meta":{}},{"ancestorTitles":["ai-command edge policy"],"fullName":"ai-command edge policy routes move to smart tier with getBoardState (not simple)","status":"passed","title":"routes move to smart tier with getBoardState (not simple)","duration":0.1204169999999749,"failureMessages":[],"meta":{}},{"ancestorTitles":["ai-command edge policy"],"fullName":"ai-command edge policy routes change color to smart tier with getBoardState","status":"passed","title":"routes change color to smart tier with getBoardState","duration":0.06550000000004275,"failureMessages":[],"meta":{}},{"ancestorTitles":["ai-command edge policy"],"fullName":"ai-command edge policy routes delete specific to smart tier with getBoardState","status":"passed","title":"routes delete specific to smart tier with getBoardState","duration":0.03387499999996635,"failureMessages":[],"meta":{}},{"ancestorTitles":["ai-command edge policy"],"fullName":"ai-command edge policy routes resize to smart tier with getBoardState","status":"passed","title":"routes resize to smart tier with getBoardState","duration":0.028124999999931788,"failureMessages":[],"meta":{}},{"ancestorTitles":["ai-command edge policy"],"fullName":"ai-command edge policy routes arrange to smart multi-turn with getBoardState","status":"passed","title":"routes arrange to smart multi-turn with getBoardState","duration":0.06441699999993489,"failureMessages":[],"meta":{}},{"ancestorTitles":["ai-command edge policy"],"fullName":"ai-command edge policy routes connector commands to smart multi-turn","status":"passed","title":"routes connector commands to smart multi-turn","duration":0.029250000000047294,"failureMessages":[],"meta":{}},{"ancestorTitles":["ai-command edge policy"],"fullName":"ai-command edge policy routes multi-step prompts to smart multi-turn","status":"passed","title":"routes multi-step prompts to smart multi-turn","duration":0.025749999999902684,"failureMessages":[],"meta":{}},{"ancestorTitles":["ai-command edge policy"],"fullName":"ai-command edge policy routes \"create 50 sticky notes\" to bulk: fast, 1 turn, createBulkObjects, no board state","status":"passed","title":"routes \"create 50 sticky notes\" to bulk: fast, 1 turn, createBulkObjects, no board state","duration":0.09362499999997453,"failureMessages":[],"meta":{}},{"ancestorTitles":["ai-command edge policy"],"fullName":"ai-command edge policy routes \"add 20 rectangles\" to bulk","status":"passed","title":"routes \"add 20 rectangles\" to bulk","duration":0.06920900000000074,"failureMessages":[],"meta":{}},{"ancestorTitles":["ai-command edge policy"],"fullName":"ai-command edge policy routes \"create a dozen frames\" to bulk","status":"passed","title":"routes \"create a dozen frames\" to bulk","duration":0.020125000000007276,"failureMessages":[],"meta":{}},{"ancestorTitles":["ai-command edge policy"],"fullName":"ai-command edge policy routes \"make several circles\" to bulk","status":"passed","title":"routes \"make several circles\" to bulk","duration":0.019042000000013104,"failureMessages":[],"meta":{}},{"ancestorTitles":["ai-command edge policy"],"fullName":"ai-command edge policy routes \"add 100 text labels\" to bulk","status":"passed","title":"routes \"add 100 text labels\" to bulk","duration":0.01954200000000128,"failureMessages":[],"meta":{}},{"ancestorTitles":["ai-command edge policy"],"fullName":"ai-command edge policy does NOT route single-object creation to bulk","status":"passed","title":"does NOT route single-object creation to bulk","duration":0.5983330000000251,"failureMessages":[],"meta":{}},{"ancestorTitles":["ai-command edge policy"],"fullName":"ai-command edge policy does NOT route \"create 2 stickies\" to bulk (below threshold)","status":"passed","title":"does NOT route \"create 2 stickies\" to bulk (below threshold)","duration":0.06649999999990541,"failureMessages":[],"meta":{}},{"ancestorTitles":["ai-command edge policy"],"fullName":"ai-command edge policy does NOT route contextual creation to bulk — \"create a sticky next to the blue frame\"","status":"passed","title":"does NOT route contextual creation to bulk — \"create a sticky next to the blue frame\"","duration":0.028290999999967426,"failureMessages":[],"meta":{}}],"startTime":1771792543740,"endTime":1771792543744.0664,"status":"passed","message":"","name":"/Users/shreelakshmigopinatharao/Desktop/Collab_Board_Project/src/ai/aiEdgePolicy.test.ts"},{"assertionResults":[{"ancestorTitles":["claudeAgent board-state routing"],"fullName":"claudeAgent board-state routing sends board state for \"how many objects are there in the board\"","status":"passed","title":"sends board state for \"how many objects are there in the board\"","duration":0.6359170000000063,"failureMessages":[],"meta":{}},{"ancestorTitles":["claudeAgent board-state routing"],"fullName":"claudeAgent board-state routing sends board state for \"how many sticky notes are there\"","status":"passed","title":"sends board state for \"how many sticky notes are there\"","duration":0.21649999999999636,"failureMessages":[],"meta":{}},{"ancestorTitles":["claudeAgent board-state routing"],"fullName":"claudeAgent board-state routing sends board state for \"list all objects\"","status":"passed","title":"sends board state for \"list all objects\"","duration":0.04804100000001199,"failureMessages":[],"meta":{}},{"ancestorTitles":["claudeAgent board-state routing"],"fullName":"claudeAgent board-state routing sends board state for \"what frames are on the board\"","status":"passed","title":"sends board state for \"what frames are on the board\"","duration":0.0508750000000191,"failureMessages":[],"meta":{}},{"ancestorTitles":["claudeAgent board-state routing"],"fullName":"claudeAgent board-state routing sends board state for \"describe the canvas\"","status":"passed","title":"sends board state for \"describe the canvas\"","duration":0.04800000000000182,"failureMessages":[],"meta":{}},{"ancestorTitles":["claudeAgent board-state routing"],"fullName":"claudeAgent board-state routing sends board state for \"show me all the shapes\"","status":"passed","title":"sends board state for \"show me all the shapes\"","duration":0.034166999999968084,"failureMessages":[],"meta":{}},{"ancestorTitles":["claudeAgent board-state routing"],"fullName":"claudeAgent board-state routing sends board state for \"tell me what stickies are on the board\"","status":"passed","title":"sends board state for \"tell me what stickies are on the board\"","duration":0.03291699999999764,"failureMessages":[],"meta":{}},{"ancestorTitles":["claudeAgent board-state routing"],"fullName":"claudeAgent board-state routing does NOT treat \"tell me a joke\" as a query command","status":"passed","title":"does NOT treat \"tell me a joke\" as a query command","duration":0.04020900000000438,"failureMessages":[],"meta":{}},{"ancestorTitles":["claudeAgent board-state routing"],"fullName":"claudeAgent board-state routing does NOT treat \"help me brainstorm ideas\" as a query command","status":"passed","title":"does NOT treat \"help me brainstorm ideas\" as a query command","duration":0.040792000000010376,"failureMessages":[],"meta":{}},{"ancestorTitles":["claudeAgent board-state routing"],"fullName":"claudeAgent board-state routing sends board state for \"what should I add?\" via creation path","status":"passed","title":"sends board state for \"what should I add?\" via creation path","duration":0.12741700000003675,"failureMessages":[],"meta":{}},{"ancestorTitles":["claudeAgent board-state routing"],"fullName":"claudeAgent board-state routing strips board state for \"create 50 sticky notes\"","status":"passed","title":"strips board state for \"create 50 sticky notes\"","duration":0.1452499999999759,"failureMessages":[],"meta":{}},{"ancestorTitles":["claudeAgent board-state routing"],"fullName":"claudeAgent board-state routing strips board state for \"add 20 rectangles\"","status":"passed","title":"strips board state for \"add 20 rectangles\"","duration":0.07108299999998735,"failureMessages":[],"meta":{}},{"ancestorTitles":["claudeAgent board-state routing"],"fullName":"claudeAgent board-state routing sends board state for single creation (unchanged)","status":"passed","title":"sends board state for single creation (unchanged)","duration":0.038916000000028816,"failureMessages":[],"meta":{}},{"ancestorTitles":["claudeAgent board-state routing"],"fullName":"claudeAgent board-state routing sends board state for move command (unchanged)","status":"passed","title":"sends board state for move command (unchanged)","duration":0.03308299999997644,"failureMessages":[],"meta":{}}],"startTime":1771792544200,"endTime":1771792544202.1453,"status":"passed","message":"","name":"/Users/shreelakshmigopinatharao/Desktop/Collab_Board_Project/src/ai/claudeAgent.test.ts"},{"assertionResults":[{"ancestorTitles":["inputValidation","validateBoardName"],"fullName":"inputValidation validateBoardName rejects empty or whitespace","status":"passed","title":"rejects empty or whitespace","duration":1.3495420000000422,"failureMessages":[],"meta":{}},{"ancestorTitles":["inputValidation","validateBoardName"],"fullName":"inputValidation validateBoardName rejects name shorter than min length","status":"passed","title":"rejects name shorter than min length","duration":0.11950000000001637,"failureMessages":[],"meta":{}},{"ancestorTitles":["inputValidation","validateBoardName"],"fullName":"inputValidation validateBoardName accepts name at min length","status":"passed","title":"accepts name at min length","duration":0.7930410000000165,"failureMessages":[],"meta":{}},{"ancestorTitles":["inputValidation","validateBoardName"],"fullName":"inputValidation validateBoardName accepts non-empty trimmed name","status":"passed","title":"accepts non-empty trimmed name","duration":0.20041700000001583,"failureMessages":[],"meta":{}},{"ancestorTitles":["inputValidation","validateBoardName"],"fullName":"inputValidation validateBoardName rejects name over max length","status":"passed","title":"rejects name over max length","duration":0.13420800000005784,"failureMessages":[],"meta":{}},{"ancestorTitles":["inputValidation","validateBoardName"],"fullName":"inputValidation validateBoardName accepts name at max length","status":"passed","title":"accepts name at max length","duration":0.06087499999989632,"failureMessages":[],"meta":{}},{"ancestorTitles":["inputValidation","validateBoardName"],"fullName":"inputValidation validateBoardName rejects name with only symbols or spaces","status":"passed","title":"rejects name with only symbols or spaces","duration":0.0628750000000764,"failureMessages":[],"meta":{}},{"ancestorTitles":["inputValidation","validateBoardName"],"fullName":"inputValidation validateBoardName accepts name with at least one letter or number","status":"passed","title":"accepts name with at least one letter or number","duration":0.06370900000001711,"failureMessages":[],"meta":{}},{"ancestorTitles":["inputValidation","sanitizeBoardName"],"fullName":"inputValidation sanitizeBoardName trims and truncates","status":"passed","title":"trims and truncates","duration":0.22191699999996217,"failureMessages":[],"meta":{}},{"ancestorTitles":["inputValidation","validateInviteEmail"],"fullName":"inputValidation validateInviteEmail rejects empty","status":"passed","title":"rejects empty","duration":0.23579099999994924,"failureMessages":[],"meta":{}},{"ancestorTitles":["inputValidation","validateInviteEmail"],"fullName":"inputValidation validateInviteEmail rejects email shorter than min length","status":"passed","title":"rejects email shorter than min length","duration":0.11895800000002055,"failureMessages":[],"meta":{}},{"ancestorTitles":["inputValidation","validateInviteEmail"],"fullName":"inputValidation validateInviteEmail accepts valid email at or above min length","status":"passed","title":"accepts valid email at or above min length","duration":0.10291700000004766,"failureMessages":[],"meta":{}},{"ancestorTitles":["inputValidation","validateInviteEmail"],"fullName":"inputValidation validateInviteEmail accepts valid email","status":"passed","title":"accepts valid email","duration":0.1614590000000362,"failureMessages":[],"meta":{}},{"ancestorTitles":["inputValidation","validateInviteEmail"],"fullName":"inputValidation validateInviteEmail rejects invalid format","status":"passed","title":"rejects invalid format","duration":0.17662499999994452,"failureMessages":[],"meta":{}},{"ancestorTitles":["inputValidation","validateInviteEmail"],"fullName":"inputValidation validateInviteEmail rejects over max length","status":"passed","title":"rejects over max length","duration":0.05329099999994469,"failureMessages":[],"meta":{}},{"ancestorTitles":["inputValidation","sanitizeInviteEmail"],"fullName":"inputValidation sanitizeInviteEmail trims, lowercases, truncates","status":"passed","title":"trims, lowercases, truncates","duration":0.05933300000003783,"failureMessages":[],"meta":{}},{"ancestorTitles":["inputValidation","validateAIPrompt"],"fullName":"inputValidation validateAIPrompt rejects empty","status":"passed","title":"rejects empty","duration":0.09229200000004312,"failureMessages":[],"meta":{}},{"ancestorTitles":["inputValidation","validateAIPrompt"],"fullName":"inputValidation validateAIPrompt accepts at min length (1 character)","status":"passed","title":"accepts at min length (1 character)","duration":0.02762499999994361,"failureMessages":[],"meta":{}},{"ancestorTitles":["inputValidation","validateAIPrompt"],"fullName":"inputValidation validateAIPrompt accepts non-empty","status":"passed","title":"accepts non-empty","duration":0.022041999999942163,"failureMessages":[],"meta":{}},{"ancestorTitles":["inputValidation","validateAIPrompt"],"fullName":"inputValidation validateAIPrompt rejects over max length","status":"passed","title":"rejects over max length","duration":0.028125000000045475,"failureMessages":[],"meta":{}},{"ancestorTitles":["inputValidation","sanitizeAIPrompt"],"fullName":"inputValidation sanitizeAIPrompt trims and truncates","status":"passed","title":"trims and truncates","duration":0.0639170000000604,"failureMessages":[],"meta":{}},{"ancestorTitles":["inputValidation","validateObjectText"],"fullName":"inputValidation validateObjectText accepts short text","status":"passed","title":"accepts short text","duration":0.046625000000062755,"failureMessages":[],"meta":{}},{"ancestorTitles":["inputValidation","validateObjectText"],"fullName":"inputValidation validateObjectText rejects over max length","status":"passed","title":"rejects over max length","duration":0.18345799999997325,"failureMessages":[],"meta":{}},{"ancestorTitles":["inputValidation","sanitizeObjectText"],"fullName":"inputValidation sanitizeObjectText truncates and trims","status":"passed","title":"truncates and trims","duration":0.12645899999995436,"failureMessages":[],"meta":{}},{"ancestorTitles":["inputValidation","clampDimension"],"fullName":"inputValidation clampDimension clamps to 20–800","status":"passed","title":"clamps to 20–800","duration":0.18049999999993815,"failureMessages":[],"meta":{}},{"ancestorTitles":["inputValidation","clampDimension"],"fullName":"inputValidation clampDimension rounds and handles non-finite","status":"passed","title":"rounds and handles non-finite","duration":0.052541999999903055,"failureMessages":[],"meta":{}},{"ancestorTitles":["inputValidation","validateDimensions"],"fullName":"inputValidation validateDimensions accepts valid range","status":"passed","title":"accepts valid range","duration":0.050832999999897766,"failureMessages":[],"meta":{}},{"ancestorTitles":["inputValidation","validateDimensions"],"fullName":"inputValidation validateDimensions rejects out of range or non-finite","status":"passed","title":"rejects out of range or non-finite","duration":0.12754200000006222,"failureMessages":[],"meta":{}}],"startTime":1771792543746,"endTime":1771792543752.1274,"status":"passed","message":"","name":"/Users/shreelakshmigopinatharao/Desktop/Collab_Board_Project/src/utils/inputValidation.test.ts"}]}